Build started 7/19/2016 11:15:34 PM.
     1>Project "C:\Users\OSO\Desktop\Lab 8\Lab9\Lab9\Lab9.vcxproj" on node 2 (Build target(s)).
     1>InitializeBuildStatus:
         Touching "Debug\Lab9.tlog\unsuccessfulbuild".
       ClCompile:
         E:\Prog Tools\VC\bin\CL.exe /c /ZI /nologo /W3 /WX- /Od /Oy- /D WIN32 /D _DEBUG /D _CONSOLE /D _UNICODE /D UNICODE /Gm /EHsc /RTC1 /MDd /GS /fp:precise /Zc:wchar_t /Zc:forScope /Zc:inline /Fo"Debug\\" /Fd"Debug\vc140.pdb" /Gd /TP /analyze- /errorReport:prompt test9.cpp
         test9.cpp
     1>c:\users\oso\desktop\lab 8\lab9\lab9\bstree.cpp(129): error C2678: binary '<': no operator found which takes a left-hand operand of type 'TestData' (or there is no acceptable conversion)
         e:\prog tools\vc\include\system_error(426): note: could be 'bool std::operator <(const std::error_condition &,const std::error_condition &) noexcept'
         e:\prog tools\vc\include\system_error(417): note: or       'bool std::operator <(const std::error_code &,const std::error_code &) noexcept'
         c:\users\oso\desktop\lab 8\lab9\lab9\bstree.cpp(129): note: while trying to match the argument list '(TestData, const TestData *)'
         c:\users\oso\desktop\lab 8\lab9\lab9\bstree.cpp(122): note: while compiling class template member function 'void BSTree<TestData,int>::insertHelper(BSTree<TestData,int>::BSTreeNode *&,const DataType &)'
                 with
                 [
                     DataType=TestData
                 ]
         c:\users\oso\desktop\lab 8\lab9\lab9\bstree.cpp(110): note: see reference to function template instantiation 'void BSTree<TestData,int>::insertHelper(BSTree<TestData,int>::BSTreeNode *&,const DataType &)' being compiled
                 with
                 [
                     DataType=TestData
                 ]
         c:\users\oso\desktop\lab 8\lab9\lab9\bstree.cpp(31): note: while compiling class template member function 'BSTree<TestData,int>::BSTree(void)'
         c:\users\oso\desktop\lab 8\lab9\lab9\test9.cpp(39): note: see reference to function template instantiation 'BSTree<TestData,int>::BSTree(void)' being compiled
         c:\users\oso\desktop\lab 8\lab9\lab9\test9.cpp(39): note: see reference to class template instantiation 'BSTree<TestData,int>' being compiled
     1>c:\users\oso\desktop\lab 8\lab9\lab9\bstree.cpp(215): warning C4800: 'int': forcing value to bool 'true' or 'false' (performance warning)
         c:\users\oso\desktop\lab 8\lab9\lab9\bstree.cpp(212): note: while compiling class template member function 'bool BSTree<TestData,int>::removeHelper(BSTree<TestData,int>::BSTreeNode *&,const KeyType &)'
                 with
                 [
                     KeyType=int
                 ]
         c:\users\oso\desktop\lab 8\lab9\lab9\bstree.cpp(193): note: see reference to function template instantiation 'bool BSTree<TestData,int>::removeHelper(BSTree<TestData,int>::BSTreeNode *&,const KeyType &)' being compiled
                 with
                 [
                     KeyType=int
                 ]
     1>Done Building Project "C:\Users\OSO\Desktop\Lab 8\Lab9\Lab9\Lab9.vcxproj" (Build target(s)) -- FAILED.

Build FAILED.

Time Elapsed 00:00:01.60
