Build started 6/30/2016 4:07:11 PM.
     1>Project "C:\Users\OSO\Desktop\Lab5\Lab5\Lab5\Lab5.vcxproj" on node 2 (Build target(s)).
     1>InitializeBuildStatus:
         Creating "Debug\Lab5.tlog\unsuccessfulbuild" because "AlwaysCreate" was specified.
       ClCompile:
         E:\Prog Tools\VC\bin\CL.exe /c /ZI /nologo /W3 /WX- /Od /Oy- /D WIN32 /D _DEBUG /D _CONSOLE /D _UNICODE /D UNICODE /Gm /EHsc /RTC1 /MDd /GS /fp:precise /Zc:wchar_t /Zc:forScope /Zc:inline /Fo"Debug\\" /Fd"Debug\vc140.pdb" /Gd /TP /analyze- /errorReport:prompt ListLinked.cpp show5.cpp test5.cpp
         test5.cpp
         show5.cpp
         ListLinked.cpp
         Generating Code...
     1>c:\users\oso\desktop\lab5\lab5\lab5\listlinked.cpp(262): warning C4715: 'List<int>::gotoPrior': not all control paths return a value
       Link:
         E:\Prog Tools\VC\bin\link.exe /ERRORREPORT:PROMPT /OUT:"C:\Users\OSO\Desktop\Lab5\Lab5\Debug\Lab5.exe" /INCREMENTAL /NOLOGO kernel32.lib user32.lib gdi32.lib winspool.lib comdlg32.lib advapi32.lib shell32.lib ole32.lib oleaut32.lib uuid.lib odbc32.lib odbccp32.lib /MANIFEST /MANIFESTUAC:"level='asInvoker' uiAccess='false'" /manifest:embed /Debug /PDB:"C:\Users\OSO\Desktop\Lab5\Lab5\Debug\Lab5.pdb" /SUBSYSTEM:CONSOLE /TLBID:1 /DYNAMICBASE /NXCOMPAT /IMPLIB:"C:\Users\OSO\Desktop\Lab5\Lab5\Debug\Lab5.lib" /MACHINE:X86 /SAFESEH Debug\ListLinked.obj
         Debug\show5.obj
         Debug\test5.obj
     1>ListLinked.obj : warning LNK4075: ignoring '/EDITANDCONTINUE' due to '/SAFESEH' specification
         Lab5.vcxproj -> C:\Users\OSO\Desktop\Lab5\Lab5\Debug\Lab5.exe
       FinalizeBuildStatus:
         Deleting file "Debug\Lab5.tlog\unsuccessfulbuild".
         Touching "Debug\Lab5.tlog\Lab5.lastbuildstate".
     1>Done Building Project "C:\Users\OSO\Desktop\Lab5\Lab5\Lab5\Lab5.vcxproj" (Build target(s)).

Build succeeded.

Time Elapsed 00:00:05.08
