Build started 7/27/2016 8:54:25 PM.
     1>Project "C:\Users\OSO\Desktop\Lab10\Lab10\Lab10.vcxproj" on node 2 (Rebuild target(s)).
     1>InitializeBuildStatus:
         Creating "Debug\Lab10.tlog\unsuccessfulbuild" because "AlwaysCreate" was specified.
       ClCompile:
         E:\Prog Tools\VC\bin\CL.exe /c /ZI /nologo /W3 /WX- /Od /Oy- /D WIN32 /D _DEBUG /D _CONSOLE /D _UNICODE /D UNICODE /Gm /EHsc /RTC1 /MDd /GS /fp:precise /Zc:wchar_t /Zc:forScope /Zc:inline /Fo"Debug\\" /Fd"Debug\vc140.pdb" /Gd /TP /analyze- /errorReport:prompt BSTree.cpp HashTable.cpp show10.cpp show9.cpp test10.cpp
         test10.cpp
     1>c:\users\oso\desktop\lab10\lab10\bstree.cpp(278): warning C4800: 'int': forcing value to bool 'true' or 'false' (performance warning)
         c:\users\oso\desktop\lab10\lab10\bstree.cpp(230): note: while compiling class template member function 'bool BSTree<DataType,KeyType>::removeHelper(BSTree<DataType,KeyType>::BSTreeNode *&,const KeyType &)'
                 with
                 [
                     DataType=TestData,
                     KeyType=std::string
                 ]
         c:\users\oso\desktop\lab10\lab10\bstree.cpp(211): note: see reference to function template instantiation 'bool BSTree<DataType,KeyType>::removeHelper(BSTree<DataType,KeyType>::BSTreeNode *&,const KeyType &)' being compiled
                 with
                 [
                     DataType=TestData,
                     KeyType=std::string
                 ]
         c:\users\oso\desktop\lab10\lab10\bstree.cpp(41): note: while compiling class template member function 'BSTree<DataType,KeyType>::BSTree(void)'
                 with
                 [
                     DataType=TestData,
                     KeyType=std::string
                 ]
         c:\users\oso\desktop\lab10\lab10\hashtable.cpp(8): note: see reference to function template instantiation 'BSTree<DataType,KeyType>::BSTree(void)' being compiled
                 with
                 [
                     DataType=TestData,
                     KeyType=std::string
                 ]
         c:\users\oso\desktop\lab10\lab10\hashtable.cpp(8): note: see reference to class template instantiation 'BSTree<DataType,KeyType>' being compiled
                 with
                 [
                     DataType=TestData,
                     KeyType=std::string
                 ]
         c:\users\oso\desktop\lab10\lab10\hashtable.cpp(6): note: while compiling class template member function 'HashTable<TestData,std::string>::HashTable(int)'
         c:\users\oso\desktop\lab10\lab10\test10.cpp(62): note: see reference to function template instantiation 'HashTable<TestData,std::string>::HashTable(int)' being compiled
         c:\users\oso\desktop\lab10\lab10\test10.cpp(62): note: see reference to class template instantiation 'HashTable<TestData,std::string>' being compiled
         show9.cpp
         show10.cpp
         HashTable.cpp
         BSTree.cpp
         Generating Code...
       Link:
         E:\Prog Tools\VC\bin\link.exe /ERRORREPORT:PROMPT /OUT:"C:\Users\OSO\Desktop\Lab10\Debug\Lab10.exe" /INCREMENTAL /NOLOGO kernel32.lib user32.lib gdi32.lib winspool.lib comdlg32.lib advapi32.lib shell32.lib ole32.lib oleaut32.lib uuid.lib odbc32.lib odbccp32.lib /MANIFEST /MANIFESTUAC:"level='asInvoker' uiAccess='false'" /manifest:embed /Debug /PDB:"C:\Users\OSO\Desktop\Lab10\Debug\Lab10.pdb" /SUBSYSTEM:CONSOLE /TLBID:1 /DYNAMICBASE /NXCOMPAT /IMPLIB:"C:\Users\OSO\Desktop\Lab10\Debug\Lab10.lib" /MACHINE:X86 /SAFESEH Debug\BSTree.obj
         Debug\HashTable.obj
         Debug\show10.obj
         Debug\show9.obj
         Debug\test10.obj
     1>BSTree.obj : warning LNK4075: ignoring '/EDITANDCONTINUE' due to '/SAFESEH' specification
         Lab10.vcxproj -> C:\Users\OSO\Desktop\Lab10\Debug\Lab10.exe
       FinalizeBuildStatus:
         Deleting file "Debug\Lab10.tlog\unsuccessfulbuild".
         Touching "Debug\Lab10.tlog\Lab10.lastbuildstate".
     1>Done Building Project "C:\Users\OSO\Desktop\Lab10\Lab10\Lab10.vcxproj" (Rebuild target(s)).

Build succeeded.

Time Elapsed 00:00:05.57
