Build started 6/22/2016 11:32:34 PM.
     1>Project "C:\Users\OSO\Desktop\Lab4\Lab4\Lab4\Lab4.vcxproj" on node 2 (Build target(s)).
     1>InitializeBuildStatus:
         Creating "Debug\Lab4.tlog\unsuccessfulbuild" because "AlwaysCreate" was specified.
       ClCompile:
         E:\Prog Tools\VC\bin\CL.exe /c /ZI /nologo /W3 /WX- /Od /Oy- /D WIN32 /D _DEBUG /D _CONSOLE /D _UNICODE /D UNICODE /Gm /EHsc /RTC1 /MDd /GS /fp:precise /Zc:wchar_t /Zc:forScope /Zc:inline /Fo"Debug\\" /Fd"Debug\vc140.pdb" /Gd /TP /analyze- /errorReport:prompt OrderedList.cpp
         OrderedList.cpp
       Link:
         E:\Prog Tools\VC\bin\link.exe /ERRORREPORT:PROMPT /OUT:"C:\Users\OSO\Desktop\Lab4\Lab4\Debug\Lab4.exe" /INCREMENTAL /NOLOGO kernel32.lib user32.lib gdi32.lib winspool.lib comdlg32.lib advapi32.lib shell32.lib ole32.lib oleaut32.lib uuid.lib odbc32.lib odbccp32.lib /MANIFEST /MANIFESTUAC:"level='asInvoker' uiAccess='false'" /manifest:embed /Debug /PDB:"C:\Users\OSO\Desktop\Lab4\Lab4\Debug\Lab4.pdb" /SUBSYSTEM:CONSOLE /TLBID:1 /DYNAMICBASE /NXCOMPAT /IMPLIB:"C:\Users\OSO\Desktop\Lab4\Lab4\Debug\Lab4.lib" /MACHINE:X86 /SAFESEH Debug\ListArray.obj
         Debug\OrderedList.obj
         Debug\show3.obj
         Debug\show4.obj
         Debug\test4.obj
         Lab4.vcxproj -> C:\Users\OSO\Desktop\Lab4\Lab4\Debug\Lab4.exe
       FinalizeBuildStatus:
         Deleting file "Debug\Lab4.tlog\unsuccessfulbuild".
         Touching "Debug\Lab4.tlog\Lab4.lastbuildstate".
     1>Done Building Project "C:\Users\OSO\Desktop\Lab4\Lab4\Lab4\Lab4.vcxproj" (Build target(s)).

Build succeeded.

Time Elapsed 00:00:02.12
